Using pre-set license
Built from '2020.3/staging' branch; Version is '2020.3.10f1 (297d780c91bc) revision 2719096'; Using compiler version '192528614'; Build Type 'Release'
OS: 'Windows 10 Pro; OS build 19042.985; Version 2009; 64bit' Language: 'en' Physical Memory: 8116 MB
BatchMode: 1, IsHumanControllingUs: 0, StartBugReporterOnCrash: 0, Is64bit: 1, IsPro: 0

 COMMAND LINE ARGUMENTS:
C:\Program Files\Unity\Hub\Editor\2020.3.10f1\Editor\Unity.exe
-adb2
-batchMode
-noUpm
-name
AssetImportWorker0
-projectPath
C:/Users/sanje/UnityProjects/UnityJobsSimulator/unity_jobs_simulator
-logFile
Logs/AssetImportWorker0.log
-srvPort
63909
Successfully changed project path to: C:/Users/sanje/UnityProjects/UnityJobsSimulator/unity_jobs_simulator
C:/Users/sanje/UnityProjects/UnityJobsSimulator/unity_jobs_simulator
Using Asset Import Pipeline V2.
Refreshing native plugins compatible for Editor in 31.50 ms, found 2 plugins.
Preloading 0 native plugins for Editor in 0.00 ms.
Initialize engine version: 2020.3.10f1 (297d780c91bc)
[Subsystems] Discovering subsystems at path C:/Program Files/Unity/Hub/Editor/2020.3.10f1/Editor/Data/Resources/UnitySubsystems
[Subsystems] Discovering subsystems at path C:/Users/sanje/UnityProjects/UnityJobsSimulator/unity_jobs_simulator/Assets
GfxDevice: creating device client; threaded=0
Direct3D:
    Version:  Direct3D 11.0 [level 11.1]
    Renderer: Intel(R) UHD Graphics 620 (ID=0x5917)
    Vendor:   
    VRAM:     4058 MB
    Driver:   24.20.100.6293
Initialize mono
Mono path[0] = 'C:/Program Files/Unity/Hub/Editor/2020.3.10f1/Editor/Data/Managed'
Mono path[1] = 'C:/Program Files/Unity/Hub/Editor/2020.3.10f1/Editor/Data/MonoBleedingEdge/lib/mono/unityjit'
Mono config path = 'C:/Program Files/Unity/Hub/Editor/2020.3.10f1/Editor/Data/MonoBleedingEdge/etc'
Using monoOptions --debugger-agent=transport=dt_socket,embedding=1,server=y,suspend=n,address=127.0.0.1:56212
Begin MonoManager ReloadAssembly
Registering precompiled unity dll's ...
Register platform support module: C:/Program Files/Unity/Hub/Editor/2020.3.10f1/Editor/Data/PlaybackEngines/WebGLSupport/UnityEditor.WebGL.Extensions.dll
Register platform support module: C:/Program Files/Unity/Hub/Editor/2020.3.10f1/Editor/Data/PlaybackEngines/WindowsStandaloneSupport/UnityEditor.WindowsStandalone.Extensions.dll
Registered in 0.003950 seconds.
Native extension for WindowsStandalone target not found
Native extension for WebGL target not found
Refreshing native plugins compatible for Editor in 49.72 ms, found 2 plugins.
Preloading 0 native plugins for Editor in 0.00 ms.
Mono: successfully reloaded assembly
- Completed reload, in  1.824 seconds
Platform modules already initialized, skipping
Registering precompiled user dll's ...
Registered in 0.006629 seconds.
Begin MonoManager ReloadAssembly
Native extension for WindowsStandalone target not found
Native extension for WebGL target not found
Refreshing native plugins compatible for Editor in 0.40 ms, found 2 plugins.
Preloading 0 native plugins for Editor in 0.00 ms.
Mono: successfully reloaded assembly
- Completed reload, in  1.426 seconds
Platform modules already initialized, skipping
========================================================================
Worker process is ready to serve import requests
Launched and connected shader compiler UnityShaderCompiler.exe after 0.08 seconds
Refreshing native plugins compatible for Editor in 0.39 ms, found 2 plugins.
Preloading 0 native plugins for Editor in 0.00 ms.
Unloading 1386 Unused Serialized files (Serialized files now loaded: 0)
System memory in use before: 64.6 MB.
System memory in use after: 64.7 MB.

Unloading 19 unused Assets to reduce memory usage. Loaded Objects now: 1819.
Total: 2.677000 ms (FindLiveObjects: 0.209100 ms CreateObjectMapping: 0.053800 ms MarkObjects: 2.296500 ms  DeleteObjects: 0.115700 ms)

========================================================================
Received Import Request.
  path: Assets/Scenes
  artifactKey: Guid(c8ed62084f3eeff48b94a04067c0ffde) Importer(815301076,1909f56bfc062723c751e8b465ee728b)
Start importing Assets/Scenes using Guid(c8ed62084f3eeff48b94a04067c0ffde) Importer(815301076,1909f56bfc062723c751e8b465ee728b)  -> (artifact id: 'd39394c29a09261580e939d6653d16c7') in 0.013231 seconds
  Import took 0.016960 seconds .

========================================================================
Received Prepare
Registering precompiled user dll's ...
Registered in 0.006610 seconds.
Begin MonoManager ReloadAssembly
Native extension for WindowsStandalone target not found
Native extension for WebGL target not found
Refreshing native plugins compatible for Editor in 0.51 ms, found 2 plugins.
Preloading 0 native plugins for Editor in 0.00 ms.
Mono: successfully reloaded assembly
- Completed reload, in  2.105 seconds
Platform modules already initialized, skipping
Refreshing native plugins compatible for Editor in 0.78 ms, found 2 plugins.
Preloading 0 native plugins for Editor in 0.00 ms.
Unloading 1382 Unused Serialized files (Serialized files now loaded: 0)
System memory in use before: 64.7 MB.
System memory in use after: 64.7 MB.

Unloading 14 unused Assets to reduce memory usage. Loaded Objects now: 1823.
Total: 3.484100 ms (FindLiveObjects: 0.273100 ms CreateObjectMapping: 0.082700 ms MarkObjects: 3.021600 ms  DeleteObjects: 0.104200 ms)

========================================================================
Received Import Request.
  Time since last request: 70.113650 seconds.
  path: Assets/Prefabs/ur10e_myScripts.prefab
  artifactKey: Guid(1f5551b41dfeaac44a845b9ff81aa034) Importer(815301076,1909f56bfc062723c751e8b465ee728b)
Start importing Assets/Prefabs/ur10e_myScripts.prefab using Guid(1f5551b41dfeaac44a845b9ff81aa034) Importer(815301076,1909f56bfc062723c751e8b465ee728b)  -> (artifact id: '968faa0f6bcede26cde975bd30c08230') in 0.332906 seconds
  Import took 0.339247 seconds .

========================================================================
Received Import Request.
  Time since last request: 0.000463 seconds.
  path: Assets/Prefabs/ur10e_robot.prefab
  artifactKey: Guid(16965c1a6821d5e428409cb292ef5f31) Importer(815301076,1909f56bfc062723c751e8b465ee728b)
Start importing Assets/Prefabs/ur10e_robot.prefab using Guid(16965c1a6821d5e428409cb292ef5f31) Importer(815301076,1909f56bfc062723c751e8b465ee728b)  -> (artifact id: '413cb033903753dd56b12b91fa628685') in 0.115465 seconds
  Import took 0.122041 seconds .

========================================================================
Received Import Request.
  Time since last request: 0.000360 seconds.
  path: Assets/Prefabs
  artifactKey: Guid(605679a177ae88747a01e68358ce8876) Importer(815301076,1909f56bfc062723c751e8b465ee728b)
Start importing Assets/Prefabs using Guid(605679a177ae88747a01e68358ce8876) Importer(815301076,1909f56bfc062723c751e8b465ee728b)  -> (artifact id: 'b559473ae6b4c4cc63664146bff831a1') in 0.014413 seconds
  Import took 0.019975 seconds .

========================================================================
Received Import Request.
  Time since last request: 6.852631 seconds.
  path: Assets/Prefabs/ur10e
  artifactKey: Guid(219a454a18a43ce4dbc373e7d3fb20fd) Importer(815301076,1909f56bfc062723c751e8b465ee728b)
Start importing Assets/Prefabs/ur10e using Guid(219a454a18a43ce4dbc373e7d3fb20fd) Importer(815301076,1909f56bfc062723c751e8b465ee728b)  -> (artifact id: '098d07308ec7c039fa9a3398f5709b2d') in 0.012694 seconds
  Import took 0.016768 seconds .

========================================================================
Received Import Request.
  Time since last request: 19.396225 seconds.
  path: Assets/Scripts
  artifactKey: Guid(bf9096d63c97f2046b28a141ab8bbbfe) Importer(815301076,1909f56bfc062723c751e8b465ee728b)
Start importing Assets/Scripts using Guid(bf9096d63c97f2046b28a141ab8bbbfe) Importer(815301076,1909f56bfc062723c751e8b465ee728b)  -> (artifact id: '52fa82a53676de00618b9b55e0a2d4eb') in 0.018445 seconds
  Import took 0.022210 seconds .

========================================================================
Received Prepare
Registering precompiled user dll's ...
Registered in 0.006393 seconds.
Begin MonoManager ReloadAssembly
Native extension for WindowsStandalone target not found
Native extension for WebGL target not found
Refreshing native plugins compatible for Editor in 0.48 ms, found 2 plugins.
Preloading 0 native plugins for Editor in 0.00 ms.
Mono: successfully reloaded assembly
- Completed reload, in  1.822 seconds
Platform modules already initialized, skipping
Refreshing native plugins compatible for Editor in 0.45 ms, found 2 plugins.
Preloading 0 native plugins for Editor in 0.00 ms.
Unloading 1382 Unused Serialized files (Serialized files now loaded: 0)
System memory in use before: 67.9 MB.
System memory in use after: 67.9 MB.

Unloading 14 unused Assets to reduce memory usage. Loaded Objects now: 1833.
Total: 3.025900 ms (FindLiveObjects: 0.229200 ms CreateObjectMapping: 0.059100 ms MarkObjects: 2.647100 ms  DeleteObjects: 0.088800 ms)

========================================================================
Received Import Request.
  Time since last request: 79.881805 seconds.
  path: Assets/Materials
  artifactKey: Guid(4a688f9e829a4464190f929392999e31) Importer(815301076,1909f56bfc062723c751e8b465ee728b)
Start importing Assets/Materials using Guid(4a688f9e829a4464190f929392999e31) Importer(815301076,1909f56bfc062723c751e8b465ee728b)  -> (artifact id: 'a63b5128e8819bdfd54a1ae4660963b0') in 0.013746 seconds
  Import took 0.018892 seconds .

========================================================================
Received Import Request.
  Time since last request: 0.973379 seconds.
  path: Assets/Materials/Materials
  artifactKey: Guid(4089626f0531df04a8c145319c638222) Importer(815301076,1909f56bfc062723c751e8b465ee728b)
Start importing Assets/Materials/Materials using Guid(4089626f0531df04a8c145319c638222) Importer(815301076,1909f56bfc062723c751e8b465ee728b)  -> (artifact id: '5745bc90b5fad36b21c1bcb8ef68a1a8') in 0.005539 seconds
  Import took 0.010040 seconds .

========================================================================
Received Import Request.
  Time since last request: 0.057328 seconds.
  path: Assets/Materials/Materials/LightGrey.mat
  artifactKey: Guid(adc9409aa3f5773478ba77b6fbf41e0e) Importer(815301076,1909f56bfc062723c751e8b465ee728b)
Start importing Assets/Materials/Materials/LightGrey.mat using Guid(adc9409aa3f5773478ba77b6fbf41e0e) Importer(815301076,1909f56bfc062723c751e8b465ee728b)  -> (artifact id: '82eea7dd10272aeb8e5572f70aad2f74') in 0.328257 seconds
  Import took 0.332586 seconds .

========================================================================
Received Prepare
Registering precompiled user dll's ...
Registered in 0.007341 seconds.
Begin MonoManager ReloadAssembly
Native extension for WindowsStandalone target not found
Native extension for WebGL target not found
Refreshing native plugins compatible for Editor in 0.45 ms, found 2 plugins.
Preloading 0 native plugins for Editor in 0.00 ms.
Mono: successfully reloaded assembly
- Completed reload, in  1.368 seconds
Platform modules already initialized, skipping
Refreshing native plugins compatible for Editor in 0.39 ms, found 2 plugins.
Preloading 0 native plugins for Editor in 0.00 ms.
Unloading 1382 Unused Serialized files (Serialized files now loaded: 0)
System memory in use before: 68.1 MB.
System memory in use after: 68.2 MB.

Unloading 14 unused Assets to reduce memory usage. Loaded Objects now: 1870.
Total: 2.770700 ms (FindLiveObjects: 0.200200 ms CreateObjectMapping: 0.060100 ms MarkObjects: 2.433700 ms  DeleteObjects: 0.075100 ms)

AssetImportWorkerClient::OnTransportError - code=2 error=End of file
